# JRE version: OpenJDK Runtime Environment Homebrew (11.0.25) (build 11.0.25+0)
# Java VM: OpenJDK 64-Bit Server VM Homebrew (11.0.25+0, mixed mode, tiered, compressed oops, g1 gc, bsd-aarch64)
Heap:
 garbage-first heap   total 354304K, used 71047K [0x00000006a0000000, 0x00000007c0000000)
  region size 1024K, 52 young (53248K), 17 survivors (17408K)
 Metaspace       used 61336K, capacity 63143K, committed 63424K, reserved 1103872K
  class space    used 7694K, capacity 8470K, committed 8528K, reserved 1048576K
GC Heap History (14 events):
Event: 0.285 GC heap before
{Heap before GC invocations=0 (full 0):
 garbage-first heap   total 294912K, used 24576K [0x00000006a0000000, 0x00000007c0000000)
  region size 1024K, 24 young (24576K), 0 survivors (0K)
 Metaspace       used 13866K, capacity 14227K, committed 14464K, reserved 1062912K
  class space    used 1470K, capacity 1610K, committed 1664K, reserved 1048576K
}
Event: 0.288 GC heap after
{Heap after GC invocations=1 (full 0):
 garbage-first heap   total 294912K, used 8083K [0x00000006a0000000, 0x00000007c0000000)
  region size 1024K, 3 young (3072K), 3 survivors (3072K)
 Metaspace       used 13866K, capacity 14227K, committed 14464K, reserved 1062912K
  class space    used 1470K, capacity 1610K, committed 1664K, reserved 1048576K
}
Event: 0.357 GC heap before
{Heap before GC invocations=1 (full 0):
 garbage-first heap   total 294912K, used 25491K [0x00000006a0000000, 0x00000007c0000000)
  region size 1024K, 20 young (20480K), 3 survivors (3072K)
 Metaspace       used 16290K, capacity 16772K, committed 16896K, reserved 1064960K
  class space    used 1794K, capacity 1957K, committed 2048K, reserved 1048576K
}
Event: 0.359 GC heap after
{Heap after GC invocations=2 (full 0):
 garbage-first heap   total 294912K, used 8846K [0x00000006a0000000, 0x00000007c0000000)
  region size 1024K, 1 young (1024K), 1 survivors (1024K)
 Metaspace       used 16290K, capacity 16772K, committed 16896K, reserved 1064960K
  class space    used 1794K, capacity 1957K, committed 2048K, reserved 1048576K
}
Event: 0.467 GC heap before
{Heap before GC invocations=2 (full 0):
 garbage-first heap   total 294912K, used 33422K [0x00000006a0000000, 0x00000007c0000000)
  region size 1024K, 24 young (24576K), 1 survivors (1024K)
 Metaspace       used 20503K, capacity 21157K, committed 21296K, reserved 1069056K
  class space    used 2412K, capacity 2688K, committed 2688K, reserved 1048576K
}
Event: 0.469 GC heap after
{Heap after GC invocations=3 (full 0):
 garbage-first heap   total 294912K, used 12578K [0x00000006a0000000, 0x00000007c0000000)
  region size 1024K, 3 young (3072K), 3 survivors (3072K)
 Metaspace       used 20503K, capacity 21157K, committed 21296K, reserved 1069056K
  class space    used 2412K, capacity 2688K, committed 2688K, reserved 1048576K
}
Event: 0.676 GC heap before
{Heap before GC invocations=4 (full 0):
 garbage-first heap   total 294912K, used 75042K [0x00000006a0000000, 0x00000007c0000000)
  region size 1024K, 65 young (66560K), 3 survivors (3072K)
 Metaspace       used 28492K, capacity 29367K, committed 29616K, reserved 1075200K
  class space    used 3372K, capacity 3736K, committed 3840K, reserved 1048576K
}
Event: 0.679 GC heap after
{Heap after GC invocations=5 (full 0):
 garbage-first heap   total 294912K, used 16049K [0x00000006a0000000, 0x00000007c0000000)
  region size 1024K, 6 young (6144K), 6 survivors (6144K)
 Metaspace       used 28492K, capacity 29367K, committed 29616K, reserved 1075200K
  class space    used 3372K, capacity 3736K, committed 3840K, reserved 1048576K
}
Event: 1.050 GC heap before
{Heap before GC invocations=5 (full 0):
 garbage-first heap   total 294912K, used 103089K [0x00000006a0000000, 0x00000007c0000000)
  region size 1024K, 92 young (94208K), 6 survivors (6144K)
 Metaspace       used 34338K, capacity 35612K, committed 35712K, reserved 1081344K
  class space    used 4267K, capacity 4771K, committed 4816K, reserved 1048576K
}
Event: 1.058 GC heap after
{Heap after GC invocations=6 (full 0):
 garbage-first heap   total 354304K, used 19787K [0x00000006a0000000, 0x00000007c0000000)
  region size 1024K, 10 young (10240K), 10 survivors (10240K)
 Metaspace       used 34338K, capacity 35612K, committed 35712K, reserved 1081344K
  class space    used 4267K, capacity 4771K, committed 4816K, reserved 1048576K
}
Event: 1.769 GC heap before
{Heap before GC invocations=7 (full 0):
 garbage-first heap   total 354304K, used 149835K [0x00000006a0000000, 0x00000007c0000000)
  region size 1024K, 138 young (141312K), 10 survivors (10240K)
 Metaspace       used 51036K, capacity 52659K, committed 52928K, reserved 1095680K
  class space    used 6516K, capacity 7194K, committed 7248K, reserved 1048576K
}
Event: 1.782 GC heap after
{Heap after GC invocations=8 (full 0):
 garbage-first heap   total 354304K, used 26422K [0x00000006a0000000, 0x00000007c0000000)
  region size 1024K, 16 young (16384K), 16 survivors (16384K)
 Metaspace       used 51036K, capacity 52659K, committed 52928K, reserved 1095680K
  class space    used 6516K, capacity 7194K, committed 7248K, reserved 1048576K
}
Event: 30.455 GC heap before
{Heap before GC invocations=8 (full 0):
 garbage-first heap   total 354304K, used 135990K [0x00000006a0000000, 0x00000007c0000000)
  region size 1024K, 123 young (125952K), 16 survivors (16384K)
 Metaspace       used 58099K, capacity 59869K, committed 59968K, reserved 1101824K
  class space    used 7342K, capacity 8104K, committed 8144K, reserved 1048576K
}
Event: 30.474 GC heap after
{Heap after GC invocations=9 (full 0):
 garbage-first heap   total 354304K, used 34183K [0x00000006a0000000, 0x00000007c0000000)
  region size 1024K, 17 young (17408K), 17 survivors (17408K)
 Metaspace       used 58099K, capacity 59869K, committed 59968K, reserved 1101824K
  class space    used 7342K, capacity 8104K, committed 8144K, reserved 1048576K
}

