# JRE version: OpenJDK Runtime Environment Homebrew (11.0.25) (build 11.0.25+0)
# Java VM: OpenJDK 64-Bit Server VM Homebrew (11.0.25+0, mixed mode, tiered, compressed oops, g1 gc, bsd-aarch64)
Heap:
 garbage-first heap   total 294912K, used 19868K [0x00000006a0000000, 0x00000007c0000000)
  region size 1024K, 11 young (11264K), 3 survivors (3072K)
 Metaspace       used 21717K, capacity 22427K, committed 22576K, reserved 1069056K
  class space    used 2552K, capacity 2838K, committed 2944K, reserved 1048576K
GC Heap History (6 events):
Event: 0.287 GC heap before
{Heap before GC invocations=0 (full 0):
 garbage-first heap   total 294912K, used 24576K [0x00000006a0000000, 0x00000007c0000000)
  region size 1024K, 24 young (24576K), 0 survivors (0K)
 Metaspace       used 13862K, capacity 14227K, committed 14464K, reserved 1062912K
  class space    used 1470K, capacity 1610K, committed 1664K, reserved 1048576K
}
Event: 0.290 GC heap after
{Heap after GC invocations=1 (full 0):
 garbage-first heap   total 294912K, used 8291K [0x00000006a0000000, 0x00000007c0000000)
  region size 1024K, 3 young (3072K), 3 survivors (3072K)
 Metaspace       used 13862K, capacity 14227K, committed 14464K, reserved 1062912K
  class space    used 1470K, capacity 1610K, committed 1664K, reserved 1048576K
}
Event: 0.375 GC heap before
{Heap before GC invocations=1 (full 0):
 garbage-first heap   total 294912K, used 29795K [0x00000006a0000000, 0x00000007c0000000)
  region size 1024K, 24 young (24576K), 3 survivors (3072K)
 Metaspace       used 16863K, capacity 17372K, committed 17536K, reserved 1064960K
  class space    used 1871K, capacity 2073K, committed 2176K, reserved 1048576K
}
Event: 0.377 GC heap after
{Heap after GC invocations=2 (full 0):
 garbage-first heap   total 294912K, used 9197K [0x00000006a0000000, 0x00000007c0000000)
  region size 1024K, 1 young (1024K), 1 survivors (1024K)
 Metaspace       used 16863K, capacity 17372K, committed 17536K, reserved 1064960K
  class space    used 1871K, capacity 2073K, committed 2176K, reserved 1048576K
}
Event: 0.467 GC heap before
{Heap before GC invocations=2 (full 0):
 garbage-first heap   total 294912K, used 29677K [0x00000006a0000000, 0x00000007c0000000)
  region size 1024K, 20 young (20480K), 1 survivors (1024K)
 Metaspace       used 20505K, capacity 21157K, committed 21296K, reserved 1069056K
  class space    used 2412K, capacity 2688K, committed 2688K, reserved 1048576K
}
Event: 0.478 GC heap after
{Heap after GC invocations=3 (full 0):
 garbage-first heap   total 294912K, used 12700K [0x00000006a0000000, 0x00000007c0000000)
  region size 1024K, 3 young (3072K), 3 survivors (3072K)
 Metaspace       used 20505K, capacity 21157K, committed 21296K, reserved 1069056K
  class space    used 2412K, capacity 2688K, committed 2688K, reserved 1048576K
}

